<?xml version="1.0" encoding="UTF-8"?>
<!-- Generated by org.testng.reporters.JUnitReportReporter -->
<testsuite skipped="0" hostname="SAIKIRANJRV" name="dupicatetestcases.TC008" tests="1" failures="0" timestamp="14 Jul 2021 13:23:52 GMT" time="117.584" errors="0">
  <testcase name="bookRoomsWithGst" time="117.584" classname="dupicatetestcases.TC008"/>
</testsuite> <!-- dupicatetestcases.TC008 -->
