<?xml version="1.0" encoding="UTF-8"?>
<!-- Generated by org.testng.reporters.JUnitReportReporter -->
<testsuite hostname="SAIKIRANJRV" name="dupicatetestcases.TC003" tests="3" failures="0" timestamp="10 Apr 2022 11:28:12 GMT" time="59.958" errors="0">
  <testcase name="panCardApp" time="20.526" classname="dupicatetestcases.TC003"/>
  <testcase name="panCardApp" time="19.004" classname="dupicatetestcases.TC003"/>
  <testcase name="panCardApp" time="20.428" classname="dupicatetestcases.TC003"/>
</testsuite> <!-- dupicatetestcases.TC003 -->
