<?xml version="1.0" encoding="UTF-8"?>
<!-- Generated by org.testng.reporters.JUnitReportReporter -->
<testsuite skipped="0" hostname="SAIKIRANJRV" name="dupicatetestcases.TC007" tests="3" failures="0" timestamp="14 Jul 2021 08:04:53 GMT" time="203.228" errors="0">
  <testcase name="saloonBook" time="104.192" classname="dupicatetestcases.TC007"/>
  <testcase name="saloonBook" time="46.333" classname="dupicatetestcases.TC007"/>
  <testcase name="saloonBook" time="52.703" classname="dupicatetestcases.TC007"/>
</testsuite> <!-- dupicatetestcases.TC007 -->
