<?xml version="1.0" encoding="UTF-8"?>
<!-- Generated by org.testng.reporters.JUnitReportReporter -->
<testsuite hostname="SAIKIRANJRV" name="dupicatetestcases.TC004" tests="3" failures="0" timestamp="10 Apr 2022 11:28:12 GMT" time="61.592" errors="0">
  <testcase name="phpTravels" time="20.988" classname="dupicatetestcases.TC004"/>
  <testcase name="phpTravels" time="20.060" classname="dupicatetestcases.TC004"/>
  <testcase name="phpTravels" time="20.544" classname="dupicatetestcases.TC004"/>
</testsuite> <!-- dupicatetestcases.TC004 -->
