<?xml version="1.0" encoding="UTF-8"?>
<!-- Generated by org.testng.reporters.JUnitReportReporter -->
<testsuite hostname="SAIKIRANJRV" name="testcases.TC002" tests="1" failures="0" timestamp="10 Apr 2022 11:13:30 GMT" time="51.684" errors="0">
  <testcase name="formC" time="51.684" classname="testcases.TC002"/>
</testsuite> <!-- testcases.TC002 -->
