<?xml version="1.0" encoding="UTF-8"?>
<!-- Generated by org.testng.reporters.JUnitReportReporter -->
<testsuite hostname="SAIKIRANJRV" name="testcases.TC004" tests="1" failures="0" timestamp="10 Apr 2022 11:13:30 GMT" time="21.889" errors="0">
  <testcase name="phpTravels" time="21.889" classname="testcases.TC004"/>
</testsuite> <!-- testcases.TC004 -->
