<?xml version="1.0" encoding="UTF-8"?>
<!-- Generated by org.testng.reporters.JUnitReportReporter -->
<testsuite skipped="0" hostname="SAIKIRANJRV" name="dupicatetestcases.TC006" tests="3" failures="0" timestamp="13 Jul 2021 10:18:01 GMT" time="287.195" errors="0">
  <testcase name="ircteReg" time="80.328" classname="dupicatetestcases.TC006"/>
  <testcase name="ircteReg" time="86.147" classname="dupicatetestcases.TC006"/>
  <testcase name="ircteReg" time="120.720" classname="dupicatetestcases.TC006"/>
</testsuite> <!-- dupicatetestcases.TC006 -->
