<?xml version="1.0" encoding="UTF-8"?>
<!-- Generated by org.testng.reporters.JUnitReportReporter -->
<testsuite skipped="0" hostname="SAIKIRANJRV" name="utils.DP001" tests="1" failures="0" timestamp="10 Jul 2021 05:15:25 GMT" time="3.514" errors="0">
  <testcase name="getData" time="3.514" classname="utils.DP001"/>
</testsuite> <!-- utils.DP001 -->
