<?xml version="1.0" encoding="UTF-8"?>
<!-- Generated by org.testng.reporters.JUnitReportReporter -->
<testsuite hostname="SAIKIRANJRV" name="dupicatetestcases.TC002" tests="3" failures="0" timestamp="12 May 2022 08:11:02 GMT" time="128.692" errors="0">
  <testcase name="formC" time="60.659" classname="dupicatetestcases.TC002"/>
  <testcase name="formC" time="48.320" classname="dupicatetestcases.TC002"/>
  <testcase name="formC" time="19.713" classname="dupicatetestcases.TC002"/>
</testsuite> <!-- dupicatetestcases.TC002 -->
